[21:58:39:871 INF ()] User profile is available. Using 'C:\Users\Disco\AppData\Local\ASP.NET\DataProtection-Keys' as key repository and Windows DPAPI to encrypt keys at rest.
[21:58:39:964 INF ()] No action descriptors found. This may indicate an incorrectly configured application or missing application parts. To learn more, visit https://aka.ms/aspnet/mvc/app-parts
[21:58:39:969 INF ()] [WaveChat] Хуй 
[21:58:40:010 INF ()] Creating key {e4cd9307-63b7-40f1-8bda-4e97559764b5} with creation date 2024-02-18 18:58:40Z, activation date 2024-02-18 18:58:39Z, and expiration date 2024-05-18 18:58:39Z.
[21:58:40:018 INF ()] Writing data to file 'C:\Users\Disco\AppData\Local\ASP.NET\DataProtection-Keys\key-e4cd9307-63b7-40f1-8bda-4e97559764b5.xml'.
[21:58:40:415 INF ()] Now listening on: https://localhost:7032
[21:58:40:416 INF ()] Now listening on: http://localhost:5172
[21:58:40:443 INF ()] Application started. Press Ctrl+C to shut down.
[21:58:40:445 INF ()] Hosting environment: Development
[21:58:40:446 INF ()] Content root path: C:\Users\Disco\source\WaveChat\src\Systems\Api\WaveChat.Api
[21:58:41:252 INF ()] Request starting HTTP/2 GET https://localhost:7032/swagger - null null
[21:58:41:373 INF ()] Request finished HTTP/2 GET https://localhost:7032/swagger - 301 0 null 121.2762ms
[21:58:41:378 INF ()] Request starting HTTP/2 GET https://localhost:7032/swagger/index.html - null null
[21:58:41:422 INF ()] Request finished HTTP/2 GET https://localhost:7032/swagger/index.html - 200 null text/html;charset=utf-8 43.7318ms
[21:58:41:426 INF ()] Request starting HTTP/2 GET https://localhost:7032/_framework/aspnetcore-browser-refresh.js - null null
[21:58:41:426 INF ()] Request starting HTTP/2 GET https://localhost:7032/swagger/swagger-ui-bundle.js - null null
[21:58:41:426 INF ()] Request starting HTTP/2 GET https://localhost:7032/swagger/swagger-ui.css - null null
[21:58:41:426 INF ()] Request starting HTTP/2 GET https://localhost:7032/swagger/swagger-ui-standalone-preset.js - null null
[21:58:41:431 INF ()] Request finished HTTP/2 GET https://localhost:7032/_framework/aspnetcore-browser-refresh.js - 200 13760 application/javascript; charset=utf-8 5.0076ms
[21:58:41:438 INF ()] Request starting HTTP/2 GET https://localhost:7032/_vs/browserLink - null null
[21:58:41:466 INF ()] Sending file. Request path: '/swagger-ui-standalone-preset.js'. Physical path: 'N/A'
[21:58:41:466 INF ()] Sending file. Request path: '/swagger-ui.css'. Physical path: 'N/A'
[21:58:41:470 INF ()] Request finished HTTP/2 GET https://localhost:7032/swagger/swagger-ui-standalone-preset.js - 200 312163 text/javascript 43.6228ms
[21:58:41:470 INF ()] Request finished HTTP/2 GET https://localhost:7032/swagger/swagger-ui.css - 200 144929 text/css 44.3024ms
[21:58:41:473 INF ()] Sending file. Request path: '/swagger-ui-bundle.js'. Physical path: 'N/A'
[21:58:41:474 INF ()] Request finished HTTP/2 GET https://localhost:7032/_vs/browserLink - 200 null text/javascript; charset=UTF-8 36.2587ms
[21:58:41:478 INF ()] Request finished HTTP/2 GET https://localhost:7032/swagger/swagger-ui-bundle.js - 200 1061536 text/javascript 51.8634ms
[21:58:41:608 INF ()] Request starting HTTP/2 GET https://localhost:7032/swagger/v1/swagger.json - null null
[21:58:41:623 INF ()] Request finished HTTP/2 GET https://localhost:7032/swagger/v1/swagger.json - 200 null application/json;charset=utf-8 14.8886ms
